<?xml version="1.0" encoding="UTF-8"?>
<testsuite xmlns:xsi="http://www.w3.org/2001/XMLSchema-instance" xsi:noNamespaceSchemaLocation="https://maven.apache.org/surefire/maven-surefire-plugin/xsd/surefire-test-report-3.0.xsd" version="3.0" name="com.project.store.StoreApplicationTests" time="1.512" tests="1" errors="0" skipped="0" failures="0">
  <properties>
    <property name="java.specification.version" value="20"/>
    <property name="sun.jnu.encoding" value="UTF-8"/>
    <property name="java.class.path" value="/Users/mallukuntladi/Desktop/springBoot/store/target/test-classes:/Users/mallukuntladi/Desktop/springBoot/store/target/classes:/Users/mallukuntladi/.m2/repository/commons-io/commons-io/2.11.0/commons-io-2.11.0.jar:/Users/mallukuntladi/.m2/repository/org/springframework/boot/spring-boot-starter-data-mongodb/3.2.0-M1/spring-boot-starter-data-mongodb-3.2.0-M1.jar:/Users/mallukuntladi/.m2/repository/org/springframework/boot/spring-boot-starter/3.2.0-M1/spring-boot-starter-3.2.0-M1.jar:/Users/mallukuntladi/.m2/repository/org/springframework/boot/spring-boot-starter-logging/3.2.0-M1/spring-boot-starter-logging-3.2.0-M1.jar:/Users/mallukuntladi/.m2/repository/ch/qos/logback/logback-classic/1.4.8/logback-classic-1.4.8.jar:/Users/mallukuntladi/.m2/repository/ch/qos/logback/logback-core/1.4.8/logback-core-1.4.8.jar:/Users/mallukuntladi/.m2/repository/org/apache/logging/log4j/log4j-to-slf4j/2.20.0/log4j-to-slf4j-2.20.0.jar:/Users/mallukuntladi/.m2/repository/org/apache/logging/log4j/log4j-api/2.20.0/log4j-api-2.20.0.jar:/Users/mallukuntladi/.m2/repository/org/slf4j/jul-to-slf4j/2.0.7/jul-to-slf4j-2.0.7.jar:/Users/mallukuntladi/.m2/repository/jakarta/annotation/jakarta.annotation-api/2.1.1/jakarta.annotation-api-2.1.1.jar:/Users/mallukuntladi/.m2/repository/org/yaml/snakeyaml/2.0/snakeyaml-2.0.jar:/Users/mallukuntladi/.m2/repository/org/mongodb/mongodb-driver-sync/4.10.2/mongodb-driver-sync-4.10.2.jar:/Users/mallukuntladi/.m2/repository/org/mongodb/bson/4.10.2/bson-4.10.2.jar:/Users/mallukuntladi/.m2/repository/org/mongodb/mongodb-driver-core/4.10.2/mongodb-driver-core-4.10.2.jar:/Users/mallukuntladi/.m2/repository/org/mongodb/bson-record-codec/4.10.2/bson-record-codec-4.10.2.jar:/Users/mallukuntladi/.m2/repository/org/springframework/data/spring-data-mongodb/4.2.0-M1/spring-data-mongodb-4.2.0-M1.jar:/Users/mallukuntladi/.m2/repository/org/springframework/spring-tx/6.1.0-M3/spring-tx-6.1.0-M3.jar:/Users/mallukuntladi/.m2/repository/org/springframework/spring-context/6.1.0-M3/spring-context-6.1.0-M3.jar:/Users/mallukuntladi/.m2/repository/org/springframework/spring-beans/6.1.0-M3/spring-beans-6.1.0-M3.jar:/Users/mallukuntladi/.m2/repository/org/springframework/spring-expression/6.1.0-M3/spring-expression-6.1.0-M3.jar:/Users/mallukuntladi/.m2/repository/org/springframework/data/spring-data-commons/3.2.0-M1/spring-data-commons-3.2.0-M1.jar:/Users/mallukuntladi/.m2/repository/org/slf4j/slf4j-api/2.0.7/slf4j-api-2.0.7.jar:/Users/mallukuntladi/.m2/repository/org/springframework/boot/spring-boot-starter-web/3.2.0-M1/spring-boot-starter-web-3.2.0-M1.jar:/Users/mallukuntladi/.m2/repository/org/springframework/boot/spring-boot-starter-json/3.2.0-M1/spring-boot-starter-json-3.2.0-M1.jar:/Users/mallukuntladi/.m2/repository/com/fasterxml/jackson/core/jackson-databind/2.15.2/jackson-databind-2.15.2.jar:/Users/mallukuntladi/.m2/repository/com/fasterxml/jackson/core/jackson-annotations/2.15.2/jackson-annotations-2.15.2.jar:/Users/mallukuntladi/.m2/repository/com/fasterxml/jackson/core/jackson-core/2.15.2/jackson-core-2.15.2.jar:/Users/mallukuntladi/.m2/repository/com/fasterxml/jackson/datatype/jackson-datatype-jdk8/2.15.2/jackson-datatype-jdk8-2.15.2.jar:/Users/mallukuntladi/.m2/repository/com/fasterxml/jackson/datatype/jackson-datatype-jsr310/2.15.2/jackson-datatype-jsr310-2.15.2.jar:/Users/mallukuntladi/.m2/repository/com/fasterxml/jackson/module/jackson-module-parameter-names/2.15.2/jackson-module-parameter-names-2.15.2.jar:/Users/mallukuntladi/.m2/repository/org/springframework/boot/spring-boot-starter-tomcat/3.2.0-M1/spring-boot-starter-tomcat-3.2.0-M1.jar:/Users/mallukuntladi/.m2/repository/org/apache/tomcat/embed/tomcat-embed-core/10.1.11/tomcat-embed-core-10.1.11.jar:/Users/mallukuntladi/.m2/repository/org/apache/tomcat/embed/tomcat-embed-el/10.1.11/tomcat-embed-el-10.1.11.jar:/Users/mallukuntladi/.m2/repository/org/apache/tomcat/embed/tomcat-embed-websocket/10.1.11/tomcat-embed-websocket-10.1.11.jar:/Users/mallukuntladi/.m2/repository/org/springframework/spring-web/6.1.0-M3/spring-web-6.1.0-M3.jar:/Users/mallukuntladi/.m2/repository/io/micrometer/micrometer-observation/1.12.0-M1/micrometer-observation-1.12.0-M1.jar:/Users/mallukuntladi/.m2/repository/io/micrometer/micrometer-commons/1.12.0-M1/micrometer-commons-1.12.0-M1.jar:/Users/mallukuntladi/.m2/repository/org/springframework/spring-webmvc/6.1.0-M3/spring-webmvc-6.1.0-M3.jar:/Users/mallukuntladi/.m2/repository/org/springframework/spring-aop/6.1.0-M3/spring-aop-6.1.0-M3.jar:/Users/mallukuntladi/.m2/repository/org/springframework/boot/spring-boot-devtools/3.2.0-M1/spring-boot-devtools-3.2.0-M1.jar:/Users/mallukuntladi/.m2/repository/org/springframework/boot/spring-boot/3.2.0-M1/spring-boot-3.2.0-M1.jar:/Users/mallukuntladi/.m2/repository/org/springframework/boot/spring-boot-autoconfigure/3.2.0-M1/spring-boot-autoconfigure-3.2.0-M1.jar:/Users/mallukuntladi/.m2/repository/org/springframework/boot/spring-boot-starter-test/3.2.0-M1/spring-boot-starter-test-3.2.0-M1.jar:/Users/mallukuntladi/.m2/repository/org/springframework/boot/spring-boot-test/3.2.0-M1/spring-boot-test-3.2.0-M1.jar:/Users/mallukuntladi/.m2/repository/org/springframework/boot/spring-boot-test-autoconfigure/3.2.0-M1/spring-boot-test-autoconfigure-3.2.0-M1.jar:/Users/mallukuntladi/.m2/repository/com/jayway/jsonpath/json-path/2.8.0/json-path-2.8.0.jar:/Users/mallukuntladi/.m2/repository/jakarta/xml/bind/jakarta.xml.bind-api/4.0.0/jakarta.xml.bind-api-4.0.0.jar:/Users/mallukuntladi/.m2/repository/jakarta/activation/jakarta.activation-api/2.1.2/jakarta.activation-api-2.1.2.jar:/Users/mallukuntladi/.m2/repository/net/minidev/json-smart/2.5.0/json-smart-2.5.0.jar:/Users/mallukuntladi/.m2/repository/net/minidev/accessors-smart/2.5.0/accessors-smart-2.5.0.jar:/Users/mallukuntladi/.m2/repository/org/ow2/asm/asm/9.3/asm-9.3.jar:/Users/mallukuntladi/.m2/repository/org/assertj/assertj-core/3.24.2/assertj-core-3.24.2.jar:/Users/mallukuntladi/.m2/repository/net/bytebuddy/byte-buddy/1.14.5/byte-buddy-1.14.5.jar:/Users/mallukuntladi/.m2/repository/org/hamcrest/hamcrest/2.2/hamcrest-2.2.jar:/Users/mallukuntladi/.m2/repository/org/junit/jupiter/junit-jupiter/5.9.3/junit-jupiter-5.9.3.jar:/Users/mallukuntladi/.m2/repository/org/junit/jupiter/junit-jupiter-api/5.9.3/junit-jupiter-api-5.9.3.jar:/Users/mallukuntladi/.m2/repository/org/opentest4j/opentest4j/1.2.0/opentest4j-1.2.0.jar:/Users/mallukuntladi/.m2/repository/org/junit/platform/junit-platform-commons/1.9.3/junit-platform-commons-1.9.3.jar:/Users/mallukuntladi/.m2/repository/org/apiguardian/apiguardian-api/1.1.2/apiguardian-api-1.1.2.jar:/Users/mallukuntladi/.m2/repository/org/junit/jupiter/junit-jupiter-params/5.9.3/junit-jupiter-params-5.9.3.jar:/Users/mallukuntladi/.m2/repository/org/junit/jupiter/junit-jupiter-engine/5.9.3/junit-jupiter-engine-5.9.3.jar:/Users/mallukuntladi/.m2/repository/org/junit/platform/junit-platform-engine/1.9.3/junit-platform-engine-1.9.3.jar:/Users/mallukuntladi/.m2/repository/org/mockito/mockito-core/5.4.0/mockito-core-5.4.0.jar:/Users/mallukuntladi/.m2/repository/net/bytebuddy/byte-buddy-agent/1.14.5/byte-buddy-agent-1.14.5.jar:/Users/mallukuntladi/.m2/repository/org/objenesis/objenesis/3.3/objenesis-3.3.jar:/Users/mallukuntladi/.m2/repository/org/mockito/mockito-junit-jupiter/5.4.0/mockito-junit-jupiter-5.4.0.jar:/Users/mallukuntladi/.m2/repository/org/skyscreamer/jsonassert/1.5.1/jsonassert-1.5.1.jar:/Users/mallukuntladi/.m2/repository/com/vaadin/external/google/android-json/0.0.20131108.vaadin1/android-json-0.0.20131108.vaadin1.jar:/Users/mallukuntladi/.m2/repository/org/springframework/spring-core/6.1.0-M3/spring-core-6.1.0-M3.jar:/Users/mallukuntladi/.m2/repository/org/springframework/spring-jcl/6.1.0-M3/spring-jcl-6.1.0-M3.jar:/Users/mallukuntladi/.m2/repository/org/springframework/spring-test/6.1.0-M3/spring-test-6.1.0-M3.jar:/Users/mallukuntladi/.m2/repository/org/xmlunit/xmlunit-core/2.9.1/xmlunit-core-2.9.1.jar:/Users/mallukuntladi/.m2/repository/org/projectlombok/lombok/1.18.20/lombok-1.18.20.jar:"/>
    <property name="java.vm.vendor" value="Oracle Corporation"/>
    <property name="sun.arch.data.model" value="64"/>
    <property name="java.vendor.url" value="https://java.oracle.com/"/>
    <property name="user.timezone" value="Asia/Kolkata"/>
    <property name="os.name" value="Mac OS X"/>
    <property name="java.vm.specification.version" value="20"/>
    <property name="sun.java.launcher" value="SUN_STANDARD"/>
    <property name="user.country" value="IN"/>
    <property name="sun.boot.library.path" value="/Library/Java/JavaVirtualMachines/jdk-20.jdk/Contents/Home/lib"/>
    <property name="sun.java.command" value="/Users/mallukuntladi/Desktop/springBoot/store/target/surefire/surefirebooter-20230807231502643_3.jar /Users/mallukuntladi/Desktop/springBoot/store/target/surefire 2023-08-07T23-15-02_601-jvmRun1 surefire-20230807231502643_1tmp surefire_0-20230807231502643_2tmp"/>
    <property name="jdk.debug" value="release"/>
    <property name="surefire.test.class.path" value="/Users/mallukuntladi/Desktop/springBoot/store/target/test-classes:/Users/mallukuntladi/Desktop/springBoot/store/target/classes:/Users/mallukuntladi/.m2/repository/commons-io/commons-io/2.11.0/commons-io-2.11.0.jar:/Users/mallukuntladi/.m2/repository/org/springframework/boot/spring-boot-starter-data-mongodb/3.2.0-M1/spring-boot-starter-data-mongodb-3.2.0-M1.jar:/Users/mallukuntladi/.m2/repository/org/springframework/boot/spring-boot-starter/3.2.0-M1/spring-boot-starter-3.2.0-M1.jar:/Users/mallukuntladi/.m2/repository/org/springframework/boot/spring-boot-starter-logging/3.2.0-M1/spring-boot-starter-logging-3.2.0-M1.jar:/Users/mallukuntladi/.m2/repository/ch/qos/logback/logback-classic/1.4.8/logback-classic-1.4.8.jar:/Users/mallukuntladi/.m2/repository/ch/qos/logback/logback-core/1.4.8/logback-core-1.4.8.jar:/Users/mallukuntladi/.m2/repository/org/apache/logging/log4j/log4j-to-slf4j/2.20.0/log4j-to-slf4j-2.20.0.jar:/Users/mallukuntladi/.m2/repository/org/apache/logging/log4j/log4j-api/2.20.0/log4j-api-2.20.0.jar:/Users/mallukuntladi/.m2/repository/org/slf4j/jul-to-slf4j/2.0.7/jul-to-slf4j-2.0.7.jar:/Users/mallukuntladi/.m2/repository/jakarta/annotation/jakarta.annotation-api/2.1.1/jakarta.annotation-api-2.1.1.jar:/Users/mallukuntladi/.m2/repository/org/yaml/snakeyaml/2.0/snakeyaml-2.0.jar:/Users/mallukuntladi/.m2/repository/org/mongodb/mongodb-driver-sync/4.10.2/mongodb-driver-sync-4.10.2.jar:/Users/mallukuntladi/.m2/repository/org/mongodb/bson/4.10.2/bson-4.10.2.jar:/Users/mallukuntladi/.m2/repository/org/mongodb/mongodb-driver-core/4.10.2/mongodb-driver-core-4.10.2.jar:/Users/mallukuntladi/.m2/repository/org/mongodb/bson-record-codec/4.10.2/bson-record-codec-4.10.2.jar:/Users/mallukuntladi/.m2/repository/org/springframework/data/spring-data-mongodb/4.2.0-M1/spring-data-mongodb-4.2.0-M1.jar:/Users/mallukuntladi/.m2/repository/org/springframework/spring-tx/6.1.0-M3/spring-tx-6.1.0-M3.jar:/Users/mallukuntladi/.m2/repository/org/springframework/spring-context/6.1.0-M3/spring-context-6.1.0-M3.jar:/Users/mallukuntladi/.m2/repository/org/springframework/spring-beans/6.1.0-M3/spring-beans-6.1.0-M3.jar:/Users/mallukuntladi/.m2/repository/org/springframework/spring-expression/6.1.0-M3/spring-expression-6.1.0-M3.jar:/Users/mallukuntladi/.m2/repository/org/springframework/data/spring-data-commons/3.2.0-M1/spring-data-commons-3.2.0-M1.jar:/Users/mallukuntladi/.m2/repository/org/slf4j/slf4j-api/2.0.7/slf4j-api-2.0.7.jar:/Users/mallukuntladi/.m2/repository/org/springframework/boot/spring-boot-starter-web/3.2.0-M1/spring-boot-starter-web-3.2.0-M1.jar:/Users/mallukuntladi/.m2/repository/org/springframework/boot/spring-boot-starter-json/3.2.0-M1/spring-boot-starter-json-3.2.0-M1.jar:/Users/mallukuntladi/.m2/repository/com/fasterxml/jackson/core/jackson-databind/2.15.2/jackson-databind-2.15.2.jar:/Users/mallukuntladi/.m2/repository/com/fasterxml/jackson/core/jackson-annotations/2.15.2/jackson-annotations-2.15.2.jar:/Users/mallukuntladi/.m2/repository/com/fasterxml/jackson/core/jackson-core/2.15.2/jackson-core-2.15.2.jar:/Users/mallukuntladi/.m2/repository/com/fasterxml/jackson/datatype/jackson-datatype-jdk8/2.15.2/jackson-datatype-jdk8-2.15.2.jar:/Users/mallukuntladi/.m2/repository/com/fasterxml/jackson/datatype/jackson-datatype-jsr310/2.15.2/jackson-datatype-jsr310-2.15.2.jar:/Users/mallukuntladi/.m2/repository/com/fasterxml/jackson/module/jackson-module-parameter-names/2.15.2/jackson-module-parameter-names-2.15.2.jar:/Users/mallukuntladi/.m2/repository/org/springframework/boot/spring-boot-starter-tomcat/3.2.0-M1/spring-boot-starter-tomcat-3.2.0-M1.jar:/Users/mallukuntladi/.m2/repository/org/apache/tomcat/embed/tomcat-embed-core/10.1.11/tomcat-embed-core-10.1.11.jar:/Users/mallukuntladi/.m2/repository/org/apache/tomcat/embed/tomcat-embed-el/10.1.11/tomcat-embed-el-10.1.11.jar:/Users/mallukuntladi/.m2/repository/org/apache/tomcat/embed/tomcat-embed-websocket/10.1.11/tomcat-embed-websocket-10.1.11.jar:/Users/mallukuntladi/.m2/repository/org/springframework/spring-web/6.1.0-M3/spring-web-6.1.0-M3.jar:/Users/mallukuntladi/.m2/repository/io/micrometer/micrometer-observation/1.12.0-M1/micrometer-observation-1.12.0-M1.jar:/Users/mallukuntladi/.m2/repository/io/micrometer/micrometer-commons/1.12.0-M1/micrometer-commons-1.12.0-M1.jar:/Users/mallukuntladi/.m2/repository/org/springframework/spring-webmvc/6.1.0-M3/spring-webmvc-6.1.0-M3.jar:/Users/mallukuntladi/.m2/repository/org/springframework/spring-aop/6.1.0-M3/spring-aop-6.1.0-M3.jar:/Users/mallukuntladi/.m2/repository/org/springframework/boot/spring-boot-devtools/3.2.0-M1/spring-boot-devtools-3.2.0-M1.jar:/Users/mallukuntladi/.m2/repository/org/springframework/boot/spring-boot/3.2.0-M1/spring-boot-3.2.0-M1.jar:/Users/mallukuntladi/.m2/repository/org/springframework/boot/spring-boot-autoconfigure/3.2.0-M1/spring-boot-autoconfigure-3.2.0-M1.jar:/Users/mallukuntladi/.m2/repository/org/springframework/boot/spring-boot-starter-test/3.2.0-M1/spring-boot-starter-test-3.2.0-M1.jar:/Users/mallukuntladi/.m2/repository/org/springframework/boot/spring-boot-test/3.2.0-M1/spring-boot-test-3.2.0-M1.jar:/Users/mallukuntladi/.m2/repository/org/springframework/boot/spring-boot-test-autoconfigure/3.2.0-M1/spring-boot-test-autoconfigure-3.2.0-M1.jar:/Users/mallukuntladi/.m2/repository/com/jayway/jsonpath/json-path/2.8.0/json-path-2.8.0.jar:/Users/mallukuntladi/.m2/repository/jakarta/xml/bind/jakarta.xml.bind-api/4.0.0/jakarta.xml.bind-api-4.0.0.jar:/Users/mallukuntladi/.m2/repository/jakarta/activation/jakarta.activation-api/2.1.2/jakarta.activation-api-2.1.2.jar:/Users/mallukuntladi/.m2/repository/net/minidev/json-smart/2.5.0/json-smart-2.5.0.jar:/Users/mallukuntladi/.m2/repository/net/minidev/accessors-smart/2.5.0/accessors-smart-2.5.0.jar:/Users/mallukuntladi/.m2/repository/org/ow2/asm/asm/9.3/asm-9.3.jar:/Users/mallukuntladi/.m2/repository/org/assertj/assertj-core/3.24.2/assertj-core-3.24.2.jar:/Users/mallukuntladi/.m2/repository/net/bytebuddy/byte-buddy/1.14.5/byte-buddy-1.14.5.jar:/Users/mallukuntladi/.m2/repository/org/hamcrest/hamcrest/2.2/hamcrest-2.2.jar:/Users/mallukuntladi/.m2/repository/org/junit/jupiter/junit-jupiter/5.9.3/junit-jupiter-5.9.3.jar:/Users/mallukuntladi/.m2/repository/org/junit/jupiter/junit-jupiter-api/5.9.3/junit-jupiter-api-5.9.3.jar:/Users/mallukuntladi/.m2/repository/org/opentest4j/opentest4j/1.2.0/opentest4j-1.2.0.jar:/Users/mallukuntladi/.m2/repository/org/junit/platform/junit-platform-commons/1.9.3/junit-platform-commons-1.9.3.jar:/Users/mallukuntladi/.m2/repository/org/apiguardian/apiguardian-api/1.1.2/apiguardian-api-1.1.2.jar:/Users/mallukuntladi/.m2/repository/org/junit/jupiter/junit-jupiter-params/5.9.3/junit-jupiter-params-5.9.3.jar:/Users/mallukuntladi/.m2/repository/org/junit/jupiter/junit-jupiter-engine/5.9.3/junit-jupiter-engine-5.9.3.jar:/Users/mallukuntladi/.m2/repository/org/junit/platform/junit-platform-engine/1.9.3/junit-platform-engine-1.9.3.jar:/Users/mallukuntladi/.m2/repository/org/mockito/mockito-core/5.4.0/mockito-core-5.4.0.jar:/Users/mallukuntladi/.m2/repository/net/bytebuddy/byte-buddy-agent/1.14.5/byte-buddy-agent-1.14.5.jar:/Users/mallukuntladi/.m2/repository/org/objenesis/objenesis/3.3/objenesis-3.3.jar:/Users/mallukuntladi/.m2/repository/org/mockito/mockito-junit-jupiter/5.4.0/mockito-junit-jupiter-5.4.0.jar:/Users/mallukuntladi/.m2/repository/org/skyscreamer/jsonassert/1.5.1/jsonassert-1.5.1.jar:/Users/mallukuntladi/.m2/repository/com/vaadin/external/google/android-json/0.0.20131108.vaadin1/android-json-0.0.20131108.vaadin1.jar:/Users/mallukuntladi/.m2/repository/org/springframework/spring-core/6.1.0-M3/spring-core-6.1.0-M3.jar:/Users/mallukuntladi/.m2/repository/org/springframework/spring-jcl/6.1.0-M3/spring-jcl-6.1.0-M3.jar:/Users/mallukuntladi/.m2/repository/org/springframework/spring-test/6.1.0-M3/spring-test-6.1.0-M3.jar:/Users/mallukuntladi/.m2/repository/org/xmlunit/xmlunit-core/2.9.1/xmlunit-core-2.9.1.jar:/Users/mallukuntladi/.m2/repository/org/projectlombok/lombok/1.18.20/lombok-1.18.20.jar:"/>
    <property name="sun.cpu.endian" value="little"/>
    <property name="user.home" value="/Users/mallukuntladi"/>
    <property name="user.language" value="en"/>
    <property name="java.specification.vendor" value="Oracle Corporation"/>
    <property name="java.version.date" value="2023-07-18"/>
    <property name="java.home" value="/Library/Java/JavaVirtualMachines/jdk-20.jdk/Contents/Home"/>
    <property name="file.separator" value="/"/>
    <property name="basedir" value="/Users/mallukuntladi/Desktop/springBoot/store"/>
    <property name="java.vm.compressedOopsMode" value="Zero based"/>
    <property name="line.separator" value="&#10;"/>
    <property name="java.vm.specification.vendor" value="Oracle Corporation"/>
    <property name="java.specification.name" value="Java Platform API Specification"/>
    <property name="FILE_LOG_CHARSET" value="UTF-8"/>
    <property name="java.awt.headless" value="true"/>
    <property name="apple.awt.application.name" value="ForkedBooter"/>
    <property name="surefire.real.class.path" value="/Users/mallukuntladi/Desktop/springBoot/store/target/surefire/surefirebooter-20230807231502643_3.jar"/>
    <property name="sun.management.compiler" value="HotSpot 64-Bit Tiered Compilers"/>
    <property name="java.runtime.version" value="20.0.2+9-78"/>
    <property name="user.name" value="mallukuntladi"/>
    <property name="stdout.encoding" value="UTF-8"/>
    <property name="path.separator" value=":"/>
    <property name="os.version" value="13.5"/>
    <property name="java.runtime.name" value="Java(TM) SE Runtime Environment"/>
    <property name="file.encoding" value="UTF-8"/>
    <property name="java.vm.name" value="Java HotSpot(TM) 64-Bit Server VM"/>
    <property name="localRepository" value="/Users/mallukuntladi/.m2/repository"/>
    <property name="java.vendor.url.bug" value="https://bugreport.java.com/bugreport/"/>
    <property name="java.io.tmpdir" value="/var/folders/nq/wdn4d9s17g35yy2zr9pmvndw0000gp/T/"/>
    <property name="java.version" value="20.0.2"/>
    <property name="user.dir" value="/Users/mallukuntladi/Desktop/springBoot/store"/>
    <property name="os.arch" value="aarch64"/>
    <property name="java.vm.specification.name" value="Java Virtual Machine Specification"/>
    <property name="PID" value="31807"/>
    <property name="CONSOLE_LOG_CHARSET" value="UTF-8"/>
    <property name="native.encoding" value="UTF-8"/>
    <property name="java.library.path" value="/Users/mallukuntladi/Library/Java/Extensions:/Library/Java/Extensions:/Network/Library/Java/Extensions:/System/Library/Java/Extensions:/usr/lib/java:."/>
    <property name="java.vm.info" value="mixed mode, sharing"/>
    <property name="stderr.encoding" value="UTF-8"/>
    <property name="java.vendor" value="Oracle Corporation"/>
    <property name="java.vm.version" value="20.0.2+9-78"/>
    <property name="sun.io.unicode.encoding" value="UnicodeBig"/>
    <property name="java.class.version" value="64.0"/>
  </properties>
  <testcase name="contextLoads" classname="com.project.store.StoreApplicationTests" time="0.413">
    <system-out><![CDATA[23:15:02.985 [main] INFO org.springframework.test.context.support.AnnotationConfigContextLoaderUtils -- Could not detect default configuration classes for test class [com.project.store.StoreApplicationTests]: StoreApplicationTests does not declare any static, non-private, non-final, nested classes annotated with @Configuration.
23:15:03.021 [main] INFO org.springframework.boot.test.context.SpringBootTestContextBootstrapper -- Found @SpringBootConfiguration com.project.StoreApplication for test class com.project.store.StoreApplicationTests

  .   ____          _            __ _ _
 /\\ / ___'_ __ _ _(_)_ __  __ _ \ \ \ \
( ( )\___ | '_ | '_| | '_ \/ _` | \ \ \ \
 \\/  ___)| |_)| | | | | || (_| |  ) ) ) )
  '  |____| .__|_| |_|_| |_\__, | / / / /
 =========|_|==============|___/=/_/_/_/
 :: Spring Boot ::             (v3.2.0-M1)

2023-08-07T23:15:03.158+05:30  INFO 31807 --- [           main] c.project.store.StoreApplicationTests    : Starting StoreApplicationTests using Java 20.0.2 with PID 31807 (started by mallukuntladi in /Users/mallukuntladi/Desktop/springBoot/store)
2023-08-07T23:15:03.158+05:30  INFO 31807 --- [           main] c.project.store.StoreApplicationTests    : No active profile set, falling back to 1 default profile: "default"
2023-08-07T23:15:03.352+05:30  INFO 31807 --- [           main] .s.d.r.c.RepositoryConfigurationDelegate : Bootstrapping Spring Data MongoDB repositories in DEFAULT mode.
2023-08-07T23:15:03.370+05:30  INFO 31807 --- [           main] .s.d.r.c.RepositoryConfigurationDelegate : Finished Spring Data repository scanning in 16 ms. Found 1 MongoDB repository interfaces.
2023-08-07T23:15:03.763+05:30  INFO 31807 --- [           main] org.mongodb.driver.client                : MongoClient with metadata {"driver": {"name": "mongo-java-driver|sync|spring-boot", "version": "4.10.2"}, "os": {"type": "Darwin", "name": "Mac OS X", "architecture": "aarch64", "version": "13.5"}, "platform": "Java/Oracle Corporation/20.0.2+9-78"} created with settings MongoClientSettings{readPreference=primary, writeConcern=WriteConcern{w=null, wTimeout=null ms, journal=null}, retryWrites=true, retryReads=true, readConcern=ReadConcern{level=null}, credential=MongoCredential{mechanism=null, userName='dev', source='admin', password=<hidden>, mechanismProperties=<hidden>}, streamFactoryFactory=null, commandListeners=[], codecRegistry=ProvidersCodecRegistry{codecProviders=[ValueCodecProvider{}, BsonValueCodecProvider{}, DBRefCodecProvider{}, DBObjectCodecProvider{}, DocumentCodecProvider{}, CollectionCodecProvider{}, IterableCodecProvider{}, MapCodecProvider{}, GeoJsonCodecProvider{}, GridFSFileCodecProvider{}, Jsr310CodecProvider{}, JsonObjectCodecProvider{}, BsonCodecProvider{}, EnumCodecProvider{}, com.mongodb.client.model.mql.ExpressionCodecProvider@75e27856, com.mongodb.Jep395RecordCodecProvider@6bccd036, com.mongodb.KotlinCodecProvider@4f4c88f9]}, loggerSettings=LoggerSettings{maxDocumentLength=1000}, clusterSettings={hosts=[127.0.0.1:27017], srvHost=cluster1.14d5byp.mongodb.net, srvServiceName=mongodb, mode=MULTIPLE, requiredClusterType=REPLICA_SET, requiredReplicaSetName='atlas-13swul-shard-0', serverSelector='null', clusterListeners='[]', serverSelectionTimeout='30000 ms', localThreshold='30000 ms'}, socketSettings=SocketSettings{connectTimeoutMS=10000, readTimeoutMS=0, receiveBufferSize=0, sendBufferSize=0}, heartbeatSocketSettings=SocketSettings{connectTimeoutMS=10000, readTimeoutMS=10000, receiveBufferSize=0, sendBufferSize=0}, connectionPoolSettings=ConnectionPoolSettings{maxSize=100, minSize=0, maxWaitTimeMS=120000, maxConnectionLifeTimeMS=0, maxConnectionIdleTimeMS=0, maintenanceInitialDelayMS=0, maintenanceFrequencyMS=60000, connectionPoolListeners=[], maxConnecting=2}, serverSettings=ServerSettings{heartbeatFrequencyMS=10000, minHeartbeatFrequencyMS=500, serverListeners='[]', serverMonitorListeners='[]'}, sslSettings=SslSettings{enabled=true, invalidHostNameAllowed=false, context=null}, applicationName='null', compressorList=[], uuidRepresentation=JAVA_LEGACY, serverApi=null, autoEncryptionSettings=null, dnsClient=null, inetAddressResolver=null, contextProvider=null}
2023-08-07T23:15:04.013+05:30  INFO 31807 --- [           main] c.project.store.StoreApplicationTests    : Started StoreApplicationTests in 0.947 seconds (process running for 1.311)
2023-08-07T23:15:04.080+05:30  INFO 31807 --- [byp.mongodb.net] org.mongodb.driver.cluster               : Adding discovered server ac-kysrpmb-shard-00-00.14d5byp.mongodb.net:27017 to client view of cluster
2023-08-07T23:15:04.087+05:30  INFO 31807 --- [byp.mongodb.net] org.mongodb.driver.cluster               : Adding discovered server ac-kysrpmb-shard-00-02.14d5byp.mongodb.net:27017 to client view of cluster
2023-08-07T23:15:04.088+05:30  INFO 31807 --- [byp.mongodb.net] org.mongodb.driver.cluster               : Adding discovered server ac-kysrpmb-shard-00-01.14d5byp.mongodb.net:27017 to client view of cluster
]]></system-out>
  </testcase>
</testsuite>